<?xml version="1.0" encoding="UTF-8"?>
<!-- Generated by org.testng.reporters.JUnitReportReporter -->
<testsuite skipped="0" hostname="LAPTOP-8960M0JQ" name="spicejet.OneWay" tests="1" failures="0" timestamp="2020-07-10T16:46:19 EDT" time="10.558" errors="0">
  <testcase name="setUp" time="10.558" classname="spicejet.OneWay"/>
</testsuite> <!-- spicejet.OneWay -->
